<?xml version="1.0" encoding="UTF-8"?>
<!-- Generated by org.testng.reporters.JUnitReportReporter -->
<testsuite hostname="Andreas-MacBook-Pro.local" failures="0" tests="1" name="Tests.CompleteUserFlowTest" time="41.709" errors="0" timestamp="2024-05-03T11:17:44 ART" skipped="0">
  <testcase classname="Tests.CompleteUserFlowTest" name="testCompleteUserFlow" time="41.709"/>
</testsuite> <!-- Tests.CompleteUserFlowTest -->
